[0818/183922.281:ERROR:process_reader_win.cc(242)] ReadMemory at 0x7ff72a340000 of 64 bytes failed: Only part of a ReadProcessMemory or WriteProcessMemory request was completed. (0x12B)
[0818/183922.313:WARNING:pe_image_reader.cc(302)] could not read dos header from C:\Program Files (x86)\Google\Chrome\Application\chrome.exe
[0818/183922.313:ERROR:process_reader_win.cc(242)] ReadMemory at 0x7ffa7e050000 of 64 bytes failed: Only part of a ReadProcessMemory or WriteProcessMemory request was completed. (0x12B)
[0818/183922.313:WARNING:pe_image_reader.cc(302)] could not read dos header from C:\WINDOWS\SYSTEM32\ntdll.dll
[0818/183922.313:ERROR:process_reader_win.cc(242)] ReadMemory at 0x7ffa61170000 of 64 bytes failed: Only part of a ReadProcessMemory or WriteProcessMemory request was completed. (0x12B)
[0818/183922.314:WARNING:pe_image_reader.cc(302)] could not read dos header from C:\Program Files\AVAST Software\Avast\x64\aswhooka.dll
[0818/183922.314:ERROR:process_reader_win.cc(242)] ReadMemory at 0x7ffa57080000 of 64 bytes failed: Only part of a ReadProcessMemory or WriteProcessMemory request was completed. (0x12B)
[0818/183922.314:WARNING:pe_image_reader.cc(302)] could not read dos header from C:\Program Files\AVAST Software\Avast\snxhk64.dll
[0818/183922.314:ERROR:process_reader_win.cc(242)] ReadMemory at 0x7ffa7be10000 of 64 bytes failed: Only part of a ReadProcessMemory or WriteProcessMemory request was completed. (0x12B)
[0818/183922.314:WARNING:pe_image_reader.cc(302)] could not read dos header from C:\WINDOWS\System32\KERNEL32.dll
[0818/183922.314:ERROR:process_reader_win.cc(242)] ReadMemory at 0x7ffa7ae70000 of 64 bytes failed: Only part of a ReadProcessMemory or WriteProcessMemory request was completed. (0x12B)
[0818/183922.314:WARNING:pe_image_reader.cc(302)] could not read dos header from C:\WINDOWS\System32\KERNELBASE.dll
[0818/183922.314:ERROR:process_reader_win.cc(242)] ReadMemory at 0x7ffa78580000 of 64 bytes failed: Only part of a ReadProcessMemory or WriteProcessMemory request was completed. (0x12B)
[0818/183922.314:WARNING:pe_image_reader.cc(302)] could not read dos header from C:\WINDOWS\SYSTEM32\apphelp.dll
[0818/183922.314:ERROR:process_reader_win.cc(242)] ReadMemory at 0x7ffa7cbe0000 of 64 bytes failed: Only part of a ReadProcessMemory or WriteProcessMemory request was completed. (0x12B)
[0818/183922.314:WARNING:pe_image_reader.cc(302)] could not read dos header from C:\WINDOWS\System32\SHELL32.dll
[0818/183922.314:ERROR:process_reader_win.cc(242)] ReadMemory at 0x7ffa7c100000 of 64 bytes failed: Only part of a ReadProcessMemory or WriteProcessMemory request was completed. (0x12B)
[0818/183922.314:WARNING:pe_image_reader.cc(302)] could not read dos header from C:\WINDOWS\System32\msvcrt.dll
[0818/183922.314:ERROR:process_reader_win.cc(242)] ReadMemory at 0x7ffa7b2a0000 of 64 bytes failed: Only part of a ReadProcessMemory or WriteProcessMemory request was completed. (0x12B)
[0818/183922.314:WARNING:pe_image_reader.cc(302)] could not read dos header from C:\WINDOWS\System32\cfgmgr32.dll
[0818/183922.314:ERROR:process_reader_win.cc(242)] ReadMemory at 0x7ffa7ac50000 of 64 bytes failed: Only part of a ReadProcessMemory or WriteProcessMemory request was completed. (0x12B)
[0818/183922.314:WARNING:pe_image_reader.cc(302)] could not read dos header from C:\WINDOWS\System32\ucrtbase.dll
[0818/183922.314:ERROR:process_reader_win.cc(242)] ReadMemory at 0x7ffa7cb10000 of 64 bytes failed: Only part of a ReadProcessMemory or WriteProcessMemory request was completed. (0x12B)
[0818/183922.314:WARNING:pe_image_reader.cc(302)] could not read dos header from C:\WINDOWS\System32\shcore.dll
[0818/183922.314:ERROR:process_reader_win.cc(242)] ReadMemory at 0x7ffa7c480000 of 64 bytes failed: Only part of a ReadProcessMemory or WriteProcessMemory request was completed. (0x12B)
[0818/183922.314:WARNING:pe_image_reader.cc(302)] could not read dos header from C:\WINDOWS\System32\RPCRT4.dll
[0818/183922.314:ERROR:process_reader_win.cc(242)] ReadMemory at 0x7ffa7b6e0000 of 64 bytes failed: Only part of a ReadProcessMemory or WriteProcessMemory request was completed. (0x12B)
[0818/183922.314:WARNING:pe_image_reader.cc(302)] could not read dos header from C:\WINDOWS\System32\combase.dll
[0818/183922.314:ERROR:process_reader_win.cc(242)] ReadMemory at 0x7ffa7ad50000 of 64 bytes failed: Only part of a ReadProcessMemory or WriteProcessMemory request was completed. (0x12B)
[0818/183922.314:WARNING:pe_image_reader.cc(302)] could not read dos header from C:\WINDOWS\System32\bcryptPrimitives.dll
[0818/183922.314:ERROR:process_reader_win.cc(242)] ReadMemory at 0x7ffa7a450000 of 64 bytes failed: Only part of a ReadProcessMemory or WriteProcessMemory request was completed. (0x12B)
[0818/183922.315:WARNING:pe_image_reader.cc(302)] could not read dos header from C:\WINDOWS\System32\windows.storage.dll
[0818/183922.315:ERROR:process_reader_win.cc(242)] ReadMemory at 0x7ffa7b5e0000 of 64 bytes failed: Only part of a ReadProcessMemory or WriteProcessMemory request was completed. (0x12B)
[0818/183922.315:WARNING:pe_image_reader.cc(302)] could not read dos header from C:\WINDOWS\System32\advapi32.dll
[0818/183922.315:ERROR:process_reader_win.cc(242)] ReadMemory at 0x7ffa7bac0000 of 64 bytes failed: Only part of a ReadProcessMemory or WriteProcessMemory request was completed. (0x12B)
[0818/183922.315:WARNING:pe_image_reader.cc(302)] could not read dos header from C:\WINDOWS\System32\sechost.dll
[0818/183922.315:ERROR:process_reader_win.cc(242)] ReadMemory at 0x7ffa7b520000 of 64 bytes failed: Only part of a ReadProcessMemory or WriteProcessMemory request was completed. (0x12B)
[0818/183922.315:WARNING:pe_image_reader.cc(302)] could not read dos header from C:\WINDOWS\System32\shlwapi.dll
[0818/183922.315:ERROR:process_reader_win.cc(242)] ReadMemory at 0x7ffa7b6b0000 of 64 bytes failed: Only part of a ReadProcessMemory or WriteProcessMemory request was completed. (0x12B)
[0818/183922.315:WARNING:pe_image_reader.cc(302)] could not read dos header from C:\WINDOWS\System32\GDI32.dll
[0818/183922.315:ERROR:process_reader_win.cc(242)] ReadMemory at 0x7ffa7b100000 of 64 bytes failed: Only part of a ReadProcessMemory or WriteProcessMemory request was completed. (0x12B)
[0818/183922.315:WARNING:pe_image_reader.cc(302)] could not read dos header from C:\WINDOWS\System32\gdi32full.dll
[0818/183922.315:ERROR:process_reader_win.cc(242)] ReadMemory at 0x7ffa7add0000 of 64 bytes failed: Only part of a ReadProcessMemory or WriteProcessMemory request was completed. (0x12B)
[0818/183922.315:WARNING:pe_image_reader.cc(302)] could not read dos header from C:\WINDOWS\System32\msvcp_win.dll
[0818/183922.315:ERROR:process_reader_win.cc(242)] ReadMemory at 0x7ffa7c1a0000 of 64 bytes failed: Only part of a ReadProcessMemory or WriteProcessMemory request was completed. (0x12B)
[0818/183922.315:WARNING:pe_image_reader.cc(302)] could not read dos header from C:\WINDOWS\System32\USER32.dll
[0818/183922.315:ERROR:process_reader_win.cc(242)] ReadMemory at 0x7ffa7b0e0000 of 64 bytes failed: Only part of a ReadProcessMemory or WriteProcessMemory request was completed. (0x12B)
[0818/183922.315:WARNING:pe_image_reader.cc(302)] could not read dos header from C:\WINDOWS\System32\win32u.dll
[0818/183922.315:ERROR:process_reader_win.cc(242)] ReadMemory at 0x7ffa7a430000 of 64 bytes failed: Only part of a ReadProcessMemory or WriteProcessMemory request was completed. (0x12B)
[0818/183922.315:WARNING:pe_image_reader.cc(302)] could not read dos header from C:\WINDOWS\System32\kernel.appcore.dll
[0818/183922.315:ERROR:process_reader_win.cc(242)] ReadMemory at 0x7ffa7a3c0000 of 64 bytes failed: Only part of a ReadProcessMemory or WriteProcessMemory request was completed. (0x12B)
[0818/183922.315:WARNING:pe_image_reader.cc(302)] could not read dos header from C:\WINDOWS\System32\powrprof.dll
[0818/183922.315:ERROR:process_reader_win.cc(242)] ReadMemory at 0x7ffa7a3a0000 of 64 bytes failed: Only part of a ReadProcessMemory or WriteProcessMemory request was completed. (0x12B)
[0818/183922.315:WARNING:pe_image_reader.cc(302)] could not read dos header from C:\WINDOWS\System32\profapi.dll
[0818/183922.315:ERROR:process_reader_win.cc(242)] ReadMemory at 0x7ffa7cbc0000 of 64 bytes failed: Only part of a ReadProcessMemory or WriteProcessMemory request was completed. (0x12B)
[0818/183922.315:WARNING:pe_image_reader.cc(302)] could not read dos header from C:\WINDOWS\System32\PSAPI.DLL
[0818/183922.315:ERROR:process_reader_win.cc(242)] ReadMemory at 0x7ffa56fe0000 of 64 bytes failed: Only part of a ReadProcessMemory or WriteProcessMemory request was completed. (0x12B)
[0818/183922.315:WARNING:pe_image_reader.cc(302)] could not read dos header from C:\Program Files (x86)\Google\Chrome\Application\68.0.3440.106\chrome_elf.dll
[0818/183922.315:ERROR:process_reader_win.cc(242)] ReadMemory at 0x7ffa6cc30000 of 64 bytes failed: Only part of a ReadProcessMemory or WriteProcessMemory request was completed. (0x12B)
[0818/183922.315:WARNING:pe_image_reader.cc(302)] could not read dos header from C:\WINDOWS\SYSTEM32\VERSION.dll
[0818/183922.315:ERROR:process_reader_win.cc(242)] ReadMemory at 0x7ffa78460000 of 64 bytes failed: Only part of a ReadProcessMemory or WriteProcessMemory request was completed. (0x12B)
[0818/183922.316:WARNING:pe_image_reader.cc(302)] could not read dos header from C:\WINDOWS\SYSTEM32\WINMM.dll
[0818/183922.316:ERROR:process_reader_win.cc(242)] ReadMemory at 0x7ffa7a2d0000 of 64 bytes failed: Only part of a ReadProcessMemory or WriteProcessMemory request was completed. (0x12B)
[0818/183922.316:WARNING:pe_image_reader.cc(302)] could not read dos header from C:\WINDOWS\SYSTEM32\USERENV.dll
[0818/183922.316:ERROR:process_reader_win.cc(242)] ReadMemory at 0x7ffa737c0000 of 64 bytes failed: Only part of a ReadProcessMemory or WriteProcessMemory request was completed. (0x12B)
[0818/183922.316:WARNING:pe_image_reader.cc(302)] could not read dos header from C:\WINDOWS\SYSTEM32\WINHTTP.dll
[0818/183922.316:ERROR:process_reader_win.cc(242)] ReadMemory at 0x7ffa78400000 of 64 bytes failed: Only part of a ReadProcessMemory or WriteProcessMemory request was completed. (0x12B)
[0818/183922.316:WARNING:pe_image_reader.cc(302)] could not read dos header from C:\WINDOWS\SYSTEM32\WINMMBASE.dll
[0818/183922.316:ERROR:process_reader_win.cc(242)] ReadMemory at 0x7ffa79db0000 of 64 bytes failed: Only part of a ReadProcessMemory or WriteProcessMemory request was completed. (0x12B)
[0818/183922.316:WARNING:pe_image_reader.cc(302)] could not read dos header from C:\WINDOWS\SYSTEM32\CRYPTBASE.DLL
[0818/183922.316:ERROR:process_reader_win.cc(242)] ReadMemory at 0x7ffa7bde0000 of 64 bytes failed: Only part of a ReadProcessMemory or WriteProcessMemory request was completed. (0x12B)
[0818/183922.316:WARNING:pe_image_reader.cc(302)] could not read dos header from C:\WINDOWS\System32\IMM32.DLL
[0818/183922.316:ERROR:process_reader_win.cc(242)] ReadMemory at 0x7ffa48080000 of 64 bytes failed: Only part of a ReadProcessMemory or WriteProcessMemory request was completed. (0x12B)
[0818/183922.316:WARNING:pe_image_reader.cc(302)] could not read dos header from C:\Program Files (x86)\Google\Chrome\Application\68.0.3440.106\chrome_child.dll
[0818/183922.316:ERROR:process_reader_win.cc(242)] ReadMemory at 0x1c6febe0000 of 64 bytes failed: Only part of a ReadProcessMemory or WriteProcessMemory request was completed. (0x12B)
[0818/183922.316:WARNING:pe_image_reader.cc(302)] could not read dos header from C:\WINDOWS\System32\ole32.dll
[0818/183922.316:ERROR:process_reader_win.cc(242)] ReadMemory at 0x7ffa7c090000 of 64 bytes failed: Only part of a ReadProcessMemory or WriteProcessMemory request was completed. (0x12B)
[0818/183922.316:WARNING:pe_image_reader.cc(302)] could not read dos header from C:\WINDOWS\System32\WS2_32.dll
[0818/183922.316:ERROR:process_reader_win.cc(242)] ReadMemory at 0x1c6fe700000 of 64 bytes failed: Only part of a ReadProcessMemory or WriteProcessMemory request was completed. (0x12B)
[0818/183922.316:WARNING:pe_image_reader.cc(302)] could not read dos header from C:\WINDOWS\System32\OLEAUT32.dll
[0818/183922.316:ERROR:process_reader_win.cc(242)] ReadMemory at 0x7ffa7b2f0000 of 64 bytes failed: Only part of a ReadProcessMemory or WriteProcessMemory request was completed. (0x12B)
[0818/183922.316:WARNING:pe_image_reader.cc(302)] could not read dos header from C:\WINDOWS\System32\WINTRUST.dll
[0818/183922.316:ERROR:process_reader_win.cc(242)] ReadMemory at 0x7ffa7a410000 of 64 bytes failed: Only part of a ReadProcessMemory or WriteProcessMemory request was completed. (0x12B)
[0818/183922.316:WARNING:pe_image_reader.cc(302)] could not read dos header from C:\WINDOWS\System32\MSASN1.dll
[0818/183922.316:ERROR:process_reader_win.cc(242)] ReadMemory at 0x7ffa7b350000 of 64 bytes failed: Only part of a ReadProcessMemory or WriteProcessMemory request was completed. (0x12B)
[0818/183922.316:WARNING:pe_image_reader.cc(302)] could not read dos header from C:\WINDOWS\System32\CRYPT32.dll
[0818/183922.316:ERROR:process_reader_win.cc(242)] ReadMemory at 0x7ffa7ca00000 of 64 bytes failed: Only part of a ReadProcessMemory or WriteProcessMemory request was completed. (0x12B)
[0818/183922.316:WARNING:pe_image_reader.cc(302)] could not read dos header from C:\WINDOWS\System32\COMDLG32.dll
[0818/183922.316:ERROR:process_reader_win.cc(242)] ReadMemory at 0x7ffa54790000 of 64 bytes failed: Only part of a ReadProcessMemory or WriteProcessMemory request was completed. (0x12B)
[0818/183922.316:WARNING:pe_image_reader.cc(302)] could not read dos header from C:\WINDOWS\SYSTEM32\msdmo.dll
[0818/183922.316:ERROR:process_reader_win.cc(242)] ReadMemory at 0x7ffa6ce60000 of 64 bytes failed: Only part of a ReadProcessMemory or WriteProcessMemory request was completed. (0x12B)
[0818/183922.316:WARNING:pe_image_reader.cc(302)] could not read dos header from C:\WINDOWS\WinSxS\amd64_microsoft.windows.common-controls_6595b64144ccf1df_6.0.16299.431_none_15c7d3ee93659e73\COMCTL32.dll
[0818/183922.316:ERROR:process_reader_win.cc(242)] ReadMemory at 0x7ffa79960000 of 64 bytes failed: Only part of a ReadProcessMemory or WriteProcessMemory request was completed. (0x12B)
[0818/183922.316:WARNING:pe_image_reader.cc(302)] could not read dos header from C:\WINDOWS\SYSTEM32\IPHLPAPI.DLL
[0818/183922.316:ERROR:process_reader_win.cc(242)] ReadMemory at 0x7ffa6e610000 of 64 bytes failed: Only part of a ReadProcessMemory or WriteProcessMemory request was completed. (0x12B)
[0818/183922.316:WARNING:pe_image_reader.cc(302)] could not read dos header from C:\WINDOWS\SYSTEM32\DWrite.dll
[0818/183922.316:ERROR:process_reader_win.cc(242)] ReadMemory at 0x7ffa6b9b0000 of 64 bytes failed: Only part of a ReadProcessMemory or WriteProcessMemory request was completed. (0x12B)
[0818/183922.317:WARNING:pe_image_reader.cc(302)] could not read dos header from C:\WINDOWS\SYSTEM32\WINSPOOL.DRV
[0818/183922.317:ERROR:process_reader_win.cc(242)] ReadMemory at 0x7ffa6cc90000 of 64 bytes failed: Only part of a ReadProcessMemory or WriteProcessMemory request was completed. (0x12B)
[0818/183922.317:WARNING:pe_image_reader.cc(302)] could not read dos header from C:\WINDOWS\SYSTEM32\dbghelp.dll
[0818/183922.317:ERROR:process_reader_win.cc(242)] ReadMemory at 0x7ffa67c50000 of 64 bytes failed: Only part of a ReadProcessMemory or WriteProcessMemory request was completed. (0x12B)
[0818/183922.317:WARNING:pe_image_reader.cc(302)] could not read dos header from C:\WINDOWS\SYSTEM32\USP10.dll
[0818/183922.317:ERROR:process_reader_win.cc(242)] ReadMemory at 0x7ffa79200000 of 64 bytes failed: Only part of a ReadProcessMemory or WriteProcessMemory request was completed. (0x12B)
[0818/183922.317:WARNING:pe_image_reader.cc(302)] could not read dos header from C:\WINDOWS\SYSTEM32\dxgi.dll
[0818/183922.317:ERROR:process_reader_win.cc(242)] ReadMemory at 0x7ffa718b0000 of 64 bytes failed: Only part of a ReadProcessMemory or WriteProcessMemory request was completed. (0x12B)
[0818/183922.317:WARNING:pe_image_reader.cc(302)] could not read dos header from C:\WINDOWS\SYSTEM32\urlmon.dll
[0818/183922.317:ERROR:process_reader_win.cc(242)] ReadMemory at 0x7ffa7b690000 of 64 bytes failed: Only part of a ReadProcessMemory or WriteProcessMemory request was completed. (0x12B)
[0818/183922.317:WARNING:pe_image_reader.cc(302)] could not read dos header from C:\WINDOWS\System32\imagehlp.dll
[0818/183922.623:ERROR:process_reader_win.cc(242)] ReadMemory at 0x7ffa6cc20000 of 64 bytes failed: Only part of a ReadProcessMemory or WriteProcessMemory request was completed. (0x12B)
[0818/183922.623:WARNING:pe_image_reader.cc(302)] could not read dos header from C:\WINDOWS\SYSTEM32\Secur32.dll
[0818/183922.623:ERROR:process_reader_win.cc(242)] ReadMemory at 0x7ffa72fa0000 of 64 bytes failed: Only part of a ReadProcessMemory or WriteProcessMemory request was completed. (0x12B)
[0818/183922.623:WARNING:pe_image_reader.cc(302)] could not read dos header from C:\WINDOWS\SYSTEM32\dhcpcsvc.DLL
[0818/183922.624:ERROR:process_reader_win.cc(242)] ReadMemory at 0x7ffa7c5a0000 of 64 bytes failed: Only part of a ReadProcessMemory or WriteProcessMemory request was completed. (0x12B)
[0818/183922.624:WARNING:pe_image_reader.cc(302)] could not read dos header from C:\WINDOWS\System32\NSI.dll
[0818/183922.624:ERROR:process_reader_win.cc(242)] ReadMemory at 0x7ffa79f00000 of 64 bytes failed: Only part of a ReadProcessMemory or WriteProcessMemory request was completed. (0x12B)
[0818/183922.624:WARNING:pe_image_reader.cc(302)] could not read dos header from C:\WINDOWS\SYSTEM32\bcrypt.dll
[0818/183922.624:ERROR:process_reader_win.cc(242)] ReadMemory at 0x7ffa71610000 of 64 bytes failed: Only part of a ReadProcessMemory or WriteProcessMemory request was completed. (0x12B)
[0818/183922.624:WARNING:pe_image_reader.cc(302)] could not read dos header from C:\WINDOWS\SYSTEM32\iertutil.dll
[0818/183922.624:ERROR:process_reader_win.cc(242)] ReadMemory at 0x7ffa7a2a0000 of 64 bytes failed: Only part of a ReadProcessMemory or WriteProcessMemory request was completed. (0x12B)
[0818/183922.624:WARNING:pe_image_reader.cc(302)] could not read dos header from C:\WINDOWS\SYSTEM32\SSPICLI.DLL
[0818/183923.058:ERROR:process_reader_win.cc(242)] ReadMemory at 0xc1b45ee000 of 73728 bytes failed: Only part of a ReadProcessMemory or WriteProcessMemory request was completed. (0x12B)
[0818/183923.058:ERROR:crash_report_exception_handler.cc(111)] WriteEverything failed
[0818/183923.188:ERROR:filesystem_win.cc(148)] DeleteFile C:\Users\Arief\AppData\Local\Google\Chrome\User Data\Crashpad\reports\d5aeaa83-869b-4712-ae5f-f04481d45cb8.dmp: The process cannot access the file because it is being used by another process. (0x20)
[0818/183923.189:ERROR:scoped_process_suspend.cc(40)] NtResumeProcess: An attempt was made to access an exiting process. (0xc000010a)
